<?xml version="1.0" encoding="UTF-8"?>
<!-- Generated by org.testng.reporters.JUnitReportReporter -->
<testsuite skipped="0" hostname="MININT-DP2P32S" name="com.TESTNGScripts.WikiTestase" tests="1" failures="0" timestamp="03 Sep 2020 19:32:36 GMT" time="12.429" errors="0">
  <testcase name="createAccount" time="12.429" classname="com.TESTNGScripts.WikiTestase"/>
</testsuite> <!-- com.TESTNGScripts.WikiTestase -->
