<?xml version="1.0" encoding="UTF-8"?>
<!-- Generated by org.testng.reporters.JUnitReportReporter -->
<testsuite skipped="0" hostname="MININT-DP2P32S" name="com.TESTNGScripts.sonalcode" tests="2" failures="0" timestamp="28 Aug 2020 01:07:04 GMT" time="0.871" errors="0">
  <testcase name="wikipagedata" time="0.366" classname="com.TESTNGScripts.sonalcode"/>
  <testcase name="wikipagedata" time="0.505" classname="com.TESTNGScripts.sonalcode"/>
</testsuite> <!-- com.TESTNGScripts.sonalcode -->
