<?xml version="1.0" encoding="UTF-8"?>
<!-- Generated by org.testng.reporters.JUnitReportReporter -->
<testsuite skipped="1" hostname="MININT-DP2P32S" name="com.TESTNGScripts.readdatafromxlsx" tests="1" failures="0" timestamp="01 Sep 2020 00:20:07 GMT" time="0.000" errors="0">
  <testcase name="wikipagedata" time="0.000" classname="com.TESTNGScripts.readdatafromxlsx">
    <skipped/>
  </testcase> <!-- wikipagedata -->
</testsuite> <!-- com.TESTNGScripts.readdatafromxlsx -->
