<?xml version="1.0" encoding="UTF-8"?>
<!-- Generated by org.testng.reporters.JUnitReportReporter -->
<testsuite skipped="0" hostname="MININT-DP2P32S" name="com.TESTNGScripts.Mouseover" tests="1" failures="0" timestamp="29 Aug 2020 19:36:50 GMT" time="7.345" errors="0">
  <testcase name="rightclick" time="7.345" classname="com.TESTNGScripts.Mouseover"/>
</testsuite> <!-- com.TESTNGScripts.Mouseover -->
