<?xml version="1.0" encoding="UTF-8"?>
<!-- Generated by org.testng.reporters.JUnitReportReporter -->
<testsuite skipped="0" hostname="MININT-DP2P32S" name="com.TESTNGScripts.ReadDataFromExcel" tests="3" failures="0" timestamp="03 Sep 2020 23:55:33 GMT" time="1.736" errors="0">
  <testcase name="wikipagedata" time="0.645" classname="com.TESTNGScripts.ReadDataFromExcel"/>
  <testcase name="wikipagedata" time="0.413" classname="com.TESTNGScripts.ReadDataFromExcel"/>
  <testcase name="wikipagedata" time="0.678" classname="com.TESTNGScripts.ReadDataFromExcel"/>
</testsuite> <!-- com.TESTNGScripts.ReadDataFromExcel -->
